<?xml version="1.0" encoding="UTF-8"?>
<testng-results ignored="0" total="2" passed="2" failed="0" skipped="0">
  <reporter-output>
  </reporter-output>
  <suite started-at="2023-08-19T10:57:11 IST" name="Suite" finished-at="2023-08-19T10:58:28 IST" duration-ms="76551">
    <groups>
    </groups>
    <test started-at="2023-08-19T10:57:11 IST" name="Test" finished-at="2023-08-19T10:58:28 IST" duration-ms="76551">
      <class name="com.w3schools.utils.Reports">
        <test-method is-config="true" signature="startReport()[pri:0, instance:com.w3schools.utils.Reports@2767e23c]" started-at="2023-08-19T10:57:11 IST" name="startReport" finished-at="2023-08-19T10:57:11 IST" duration-ms="303" status="PASS">
          <reporter-output>
          </reporter-output>
        </test-method> <!-- startReport -->
        <test-method is-config="true" signature="endReport()[pri:0, instance:com.w3schools.utils.Reports@2767e23c]" started-at="2023-08-19T10:58:28 IST" name="endReport" finished-at="2023-08-19T10:58:29 IST" duration-ms="783" status="PASS">
          <reporter-output>
          </reporter-output>
        </test-method> <!-- endReport -->
      </class> <!-- com.w3schools.utils.Reports -->
      <class name="com.w3schools.tests.LoginTest">
        <test-method signature="loginWithInvalidEmail()[pri:0, instance:com.w3schools.tests.LoginTest@7ef82753]" started-at="2023-08-19T10:57:11 IST" name="loginWithInvalidEmail" finished-at="2023-08-19T10:58:10 IST" duration-ms="58883" status="PASS">
          <reporter-output>
          </reporter-output>
        </test-method> <!-- loginWithInvalidEmail -->
        <test-method is-config="true" signature="closeAllBrowsers()[pri:0, instance:com.w3schools.tests.LoginTest@7ef82753]" started-at="2023-08-19T10:58:10 IST" name="closeAllBrowsers" finished-at="2023-08-19T10:58:10 IST" duration-ms="391" status="PASS">
          <reporter-output>
          </reporter-output>
        </test-method> <!-- closeAllBrowsers -->
        <test-method signature="loginWithValidCredentials()[pri:0, instance:com.w3schools.tests.LoginTest@7ef82753]" started-at="2023-08-19T10:58:10 IST" name="loginWithValidCredentials" finished-at="2023-08-19T10:58:27 IST" duration-ms="16877" status="PASS">
          <reporter-output>
          </reporter-output>
        </test-method> <!-- loginWithValidCredentials -->
        <test-method is-config="true" signature="closeAllBrowsers()[pri:0, instance:com.w3schools.tests.LoginTest@7ef82753]" started-at="2023-08-19T10:58:27 IST" name="closeAllBrowsers" finished-at="2023-08-19T10:58:28 IST" duration-ms="364" status="PASS">
          <reporter-output>
          </reporter-output>
        </test-method> <!-- closeAllBrowsers -->
      </class> <!-- com.w3schools.tests.LoginTest -->
    </test> <!-- Test -->
  </suite> <!-- Suite -->
</testng-results>
